<?xml version="1.0" encoding="UTF-8"?>
<testng-results ignored="0" total="1" passed="1" failed="0" skipped="0">
  <reporter-output>
  </reporter-output>
  <suite started-at="2025-04-02T11:35:41 IST" name="Sanity" finished-at="2025-04-02T11:35:48 IST" duration-ms="7682">
    <groups>
    </groups>
    <test started-at="2025-04-02T11:35:41 IST" name="Test" finished-at="2025-04-02T11:35:48 IST" duration-ms="7682">
      <class name="testCases.TC01_Login">
        <test-method is-config="true" signature="setup()[pri:0, instance:testCases.TC01_Login@9ef8eb7]" started-at="2025-04-02T11:35:41 IST" name="setup" finished-at="2025-04-02T11:35:46 IST" duration-ms="5080" status="PASS">
          <reporter-output>
          </reporter-output>
        </test-method> <!-- setup -->
        <test-method signature="login()[pri:0, instance:testCases.TC01_Login@9ef8eb7]" started-at="2025-04-02T11:35:46 IST" name="login" finished-at="2025-04-02T11:35:48 IST" duration-ms="2362" status="PASS">
          <reporter-output>
          </reporter-output>
        </test-method> <!-- login -->
        <test-method is-config="true" signature="tearDown()[pri:0, instance:testCases.TC01_Login@9ef8eb7]" started-at="2025-04-02T11:35:48 IST" name="tearDown" finished-at="2025-04-02T11:35:48 IST" duration-ms="168" status="PASS">
          <reporter-output>
          </reporter-output>
        </test-method> <!-- tearDown -->
      </class> <!-- testCases.TC01_Login -->
    </test> <!-- Test -->
  </suite> <!-- Sanity -->
</testng-results>
